  3DAnimation.cpp
C:\Capt\Fighting-Game\3DAnimation\bone.h(45,20): warning C4244: 'initializing': conversion from 'double' to 'float', possible loss of data
  (compiling source file '3DAnimation.cpp')
  
C:\Capt\Fighting-Game\3DAnimation\bone.h(56,20): warning C4244: 'initializing': conversion from 'double' to 'float', possible loss of data
  (compiling source file '3DAnimation.cpp')
  
C:\Capt\Fighting-Game\3DAnimation\bone.h(67,20): warning C4244: 'initializing': conversion from 'double' to 'float', possible loss of data
  (compiling source file '3DAnimation.cpp')
  
C:\Capt\Fighting-Game\3DAnimation\model_animation.h(181,37): warning C4018: '<': signed/unsigned mismatch
  (compiling source file '3DAnimation.cpp')
  
C:\Capt\Fighting-Game\3DAnimation\animation.h(37,25): warning C4244: '=': conversion from 'double' to 'float', possible loss of data
  (compiling source file '3DAnimation.cpp')
  
C:\Capt\Fighting-Game\3DAnimation\animation.h(40,31): warning C4244: '=': conversion from 'double' to 'int', possible loss of data
  (compiling source file '3DAnimation.cpp')
  
C:\Capt\Fighting-Game\3DAnimation\animation.h(70,25): warning C4244: '=': conversion from 'double' to 'float', possible loss of data
  (compiling source file '3DAnimation.cpp')
  
C:\Capt\Fighting-Game\3DAnimation\animation.h(72,49): warning C4244: '=': conversion from 'double' to 'int', possible loss of data
  (compiling source file '3DAnimation.cpp')
  
C:\Capt\Fighting-Game\3DAnimation\animation.h(105,44): warning C4244: 'return': conversion from 'int' to 'float', possible loss of data
  (compiling source file '3DAnimation.cpp')
  
C:\Capt\Fighting-Game\3DAnimation\animation.h(148,21): warning C4018: '<': signed/unsigned mismatch
  (compiling source file '3DAnimation.cpp')
  
C:\Capt\Fighting-Game\3DAnimation\3DAnimation.cpp(145,23): warning C4305: 'initializing': truncation from 'double' to 'float'
C:\Capt\Fighting-Game\3DAnimation\3DAnimation.cpp(481,16): warning C4244: '=': conversion from 'double' to 'float', possible loss of data
C:\Capt\Fighting-Game\3DAnimation\3DAnimation.cpp(482,16): warning C4244: '=': conversion from 'double' to 'float', possible loss of data
C:\Capt\Fighting-Game\3DAnimation\3DAnimation.cpp(590,40): warning C4244: '=': conversion from 'double' to 'float', possible loss of data
C:\Capt\Fighting-Game\3DAnimation\3DAnimation.cpp(605,40): warning C4244: '=': conversion from 'double' to 'float', possible loss of data
C:\Capt\Fighting-Game\3DAnimation\3DAnimation.cpp(1013,22): warning C4244: 'initializing': conversion from 'double' to 'float', possible loss of data
C:\Capt\Fighting-Game\3DAnimation\3DAnimation.cpp(1029,5): error C3861: 'updateIntro': identifier not found
C:\Capt\Fighting-Game\3DAnimation\3DAnimation.cpp(1065,4): error C2660: 'handleCollisions': function does not take 0 arguments
      C:\Capt\Fighting-Game\3DAnimation\3DAnimation.cpp(495,6):
      see declaration of 'handleCollisions'
      C:\Capt\Fighting-Game\3DAnimation\3DAnimation.cpp(1065,4):
      while trying to match the argument list '()'
  
C:\Capt\Fighting-Game\3DAnimation\3DAnimation.cpp(1211,11): warning C4244: '=': conversion from 'double' to 'float', possible loss of data
C:\Capt\Fighting-Game\3DAnimation\3DAnimation.cpp(1212,11): warning C4244: '=': conversion from 'double' to 'float', possible loss of data
C:\Capt\Fighting-Game\3DAnimation\3DAnimation.cpp(1216,16): warning C4244: 'initializing': conversion from 'double' to 'float', possible loss of data
C:\Capt\Fighting-Game\3DAnimation\3DAnimation.cpp(1217,16): warning C4244: 'initializing': conversion from 'double' to 'float', possible loss of data
C:\Capt\Fighting-Game\3DAnimation\3DAnimation.cpp(1219,10): warning C4244: '=': conversion from 'double' to 'float', possible loss of data
C:\Capt\Fighting-Game\3DAnimation\3DAnimation.cpp(1220,10): warning C4244: '=': conversion from 'double' to 'float', possible loss of data
C:\Capt\Fighting-Game\3DAnimation\3DAnimation.cpp(1232,28): warning C4244: 'argument': conversion from 'double' to 'float', possible loss of data
